<?xml version="1.0" encoding="UTF-8"?>
<testng-results skipped="0" failed="0" ignored="0" total="1" passed="1">
  <reporter-output>
  </reporter-output>
  <suite name="Default suite" duration-ms="20147" started-at="2019-03-12T10:39:26Z" finished-at="2019-03-12T10:39:46Z">
    <groups>
    </groups>
    <test name="Default test" duration-ms="20147" started-at="2019-03-12T10:39:26Z" finished-at="2019-03-12T10:39:46Z">
      <class name="com.training.sanity.tests.OrderHistoryTest">
        <test-method status="PASS" signature="setUpBeforeClass()[pri:0, instance:com.training.sanity.tests.OrderHistoryTest@39c0f4a]" name="setUpBeforeClass" is-config="true" duration-ms="11" started-at="2019-03-12T10:39:26Z" finished-at="2019-03-12T10:39:26Z">
          <reporter-output>
          </reporter-output>
        </test-method> <!-- setUpBeforeClass -->
        <test-method status="PASS" signature="setUp()[pri:0, instance:com.training.sanity.tests.OrderHistoryTest@39c0f4a]" name="setUp" is-config="true" duration-ms="7391" started-at="2019-03-12T10:39:26Z" finished-at="2019-03-12T10:39:33Z">
          <reporter-output>
          </reporter-output>
        </test-method> <!-- setUp -->
        <test-method status="PASS" signature="orderHistoryCheck()[pri:0, instance:com.training.sanity.tests.OrderHistoryTest@39c0f4a]" name="orderHistoryCheck" duration-ms="7012" started-at="2019-03-12T10:39:33Z" finished-at="2019-03-12T10:39:40Z">
          <reporter-output>
          </reporter-output>
        </test-method> <!-- orderHistoryCheck -->
        <test-method status="PASS" signature="tearDown()[pri:0, instance:com.training.sanity.tests.OrderHistoryTest@39c0f4a]" name="tearDown" is-config="true" duration-ms="5706" started-at="2019-03-12T10:39:40Z" finished-at="2019-03-12T10:39:46Z">
          <reporter-output>
          </reporter-output>
        </test-method> <!-- tearDown -->
      </class> <!-- com.training.sanity.tests.OrderHistoryTest -->
    </test> <!-- Default test -->
  </suite> <!-- Default suite -->
</testng-results>
